ERROR - 2023-06-28 13:57:36 --> Error connecting to the database: mysqli_sql_exception: Unknown database 'test' in C:\xampp\htdocs\repo-ht\CodeIgniter\ci4-psiaprl\system\Database\MySQLi\Connection.php:174
Stack trace:
#0 C:\xampp\htdocs\repo-ht\CodeIgniter\ci4-psiaprl\system\Database\MySQLi\Connection.php(174): mysqli->real_connect('localhost', 'root', '', 'test', 3306, '', 0)
#1 C:\xampp\htdocs\repo-ht\CodeIgniter\ci4-psiaprl\system\Database\BaseConnection.php(391): CodeIgniter\Database\MySQLi\Connection->connect(false)
#2 C:\xampp\htdocs\repo-ht\CodeIgniter\ci4-psiaprl\system\Database\BaseConnection.php(574): CodeIgniter\Database\BaseConnection->initialize()
#3 C:\xampp\htdocs\repo-ht\CodeIgniter\ci4-psiaprl\system\Database\BaseBuilder.php(1616): CodeIgniter\Database\BaseConnection->query('SELECT *\nFROM `...', Array, false)
#4 C:\xampp\htdocs\repo-ht\CodeIgniter\ci4-psiaprl\system\Model.php(241): CodeIgniter\Database\BaseBuilder->get()
#5 C:\xampp\htdocs\repo-ht\CodeIgniter\ci4-psiaprl\system\BaseModel.php(618): CodeIgniter\Model->doFindAll(0, 0)
#6 C:\xampp\htdocs\repo-ht\CodeIgniter\ci4-psiaprl\app\Controllers\Home.php(12): CodeIgniter\BaseModel->findAll()
#7 C:\xampp\htdocs\repo-ht\CodeIgniter\ci4-psiaprl\system\CodeIgniter.php(934): App\Controllers\Home->index()
#8 C:\xampp\htdocs\repo-ht\CodeIgniter\ci4-psiaprl\system\CodeIgniter.php(499): CodeIgniter\CodeIgniter->runController(Object(App\Controllers\Home))
#9 C:\xampp\htdocs\repo-ht\CodeIgniter\ci4-psiaprl\system\CodeIgniter.php(368): CodeIgniter\CodeIgniter->handleRequest(NULL, Object(Config\Cache), false)
#10 C:\xampp\htdocs\repo-ht\CodeIgniter\ci4-psiaprl\index.php(67): CodeIgniter\CodeIgniter->run()
#11 {main}

Next CodeIgniter\Database\Exceptions\DatabaseException: Unknown database 'test' in C:\xampp\htdocs\repo-ht\CodeIgniter\ci4-psiaprl\system\Database\MySQLi\Connection.php:218
Stack trace:
#0 C:\xampp\htdocs\repo-ht\CodeIgniter\ci4-psiaprl\system\Database\BaseConnection.php(391): CodeIgniter\Database\MySQLi\Connection->connect(false)
#1 C:\xampp\htdocs\repo-ht\CodeIgniter\ci4-psiaprl\system\Database\BaseConnection.php(574): CodeIgniter\Database\BaseConnection->initialize()
#2 C:\xampp\htdocs\repo-ht\CodeIgniter\ci4-psiaprl\system\Database\BaseBuilder.php(1616): CodeIgniter\Database\BaseConnection->query('SELECT *\nFROM `...', Array, false)
#3 C:\xampp\htdocs\repo-ht\CodeIgniter\ci4-psiaprl\system\Model.php(241): CodeIgniter\Database\BaseBuilder->get()
#4 C:\xampp\htdocs\repo-ht\CodeIgniter\ci4-psiaprl\system\BaseModel.php(618): CodeIgniter\Model->doFindAll(0, 0)
#5 C:\xampp\htdocs\repo-ht\CodeIgniter\ci4-psiaprl\app\Controllers\Home.php(12): CodeIgniter\BaseModel->findAll()
#6 C:\xampp\htdocs\repo-ht\CodeIgniter\ci4-psiaprl\system\CodeIgniter.php(934): App\Controllers\Home->index()
#7 C:\xampp\htdocs\repo-ht\CodeIgniter\ci4-psiaprl\system\CodeIgniter.php(499): CodeIgniter\CodeIgniter->runController(Object(App\Controllers\Home))
#8 C:\xampp\htdocs\repo-ht\CodeIgniter\ci4-psiaprl\system\CodeIgniter.php(368): CodeIgniter\CodeIgniter->handleRequest(NULL, Object(Config\Cache), false)
#9 C:\xampp\htdocs\repo-ht\CodeIgniter\ci4-psiaprl\index.php(67): CodeIgniter\CodeIgniter->run()
#10 {main}
CRITICAL - 2023-06-28 13:57:36 --> Unable to connect to the database.
Main connection [MySQLi]: Unknown database 'test'
in SYSTEMPATH\Database\BaseConnection.php on line 427.
 1 SYSTEMPATH\Database\BaseConnection.php(574): CodeIgniter\Database\BaseConnection->initialize()
 2 SYSTEMPATH\Database\BaseBuilder.php(1616): CodeIgniter\Database\BaseConnection->query('SELECT *
FROM `barang`', [], false)
 3 SYSTEMPATH\Model.php(241): CodeIgniter\Database\BaseBuilder->get()
 4 SYSTEMPATH\BaseModel.php(618): CodeIgniter\Model->doFindAll(0, 0)
 5 APPPATH\Controllers\Home.php(12): CodeIgniter\BaseModel->findAll()
 6 SYSTEMPATH\CodeIgniter.php(934): App\Controllers\Home->index()
 7 SYSTEMPATH\CodeIgniter.php(499): CodeIgniter\CodeIgniter->runController(Object(App\Controllers\Home))
 8 SYSTEMPATH\CodeIgniter.php(368): CodeIgniter\CodeIgniter->handleRequest(null, Object(Config\Cache), false)
 9 FCPATH\index.php(67): CodeIgniter\CodeIgniter->run()
ERROR - 2023-06-28 13:57:51 --> Error connecting to the database: mysqli_sql_exception: Unknown database 'test' in C:\xampp\htdocs\repo-ht\CodeIgniter\ci4-psiaprl\system\Database\MySQLi\Connection.php:174
Stack trace:
#0 C:\xampp\htdocs\repo-ht\CodeIgniter\ci4-psiaprl\system\Database\MySQLi\Connection.php(174): mysqli->real_connect('localhost', 'root', '', 'test', 3306, '', 0)
#1 C:\xampp\htdocs\repo-ht\CodeIgniter\ci4-psiaprl\system\Database\BaseConnection.php(391): CodeIgniter\Database\MySQLi\Connection->connect(false)
#2 C:\xampp\htdocs\repo-ht\CodeIgniter\ci4-psiaprl\system\Database\BaseConnection.php(574): CodeIgniter\Database\BaseConnection->initialize()
#3 C:\xampp\htdocs\repo-ht\CodeIgniter\ci4-psiaprl\system\Database\BaseBuilder.php(1616): CodeIgniter\Database\BaseConnection->query('SELECT *\nFROM `...', Array, false)
#4 C:\xampp\htdocs\repo-ht\CodeIgniter\ci4-psiaprl\system\Model.php(241): CodeIgniter\Database\BaseBuilder->get()
#5 C:\xampp\htdocs\repo-ht\CodeIgniter\ci4-psiaprl\system\BaseModel.php(618): CodeIgniter\Model->doFindAll(0, 0)
#6 C:\xampp\htdocs\repo-ht\CodeIgniter\ci4-psiaprl\app\Controllers\Home.php(12): CodeIgniter\BaseModel->findAll()
#7 C:\xampp\htdocs\repo-ht\CodeIgniter\ci4-psiaprl\system\CodeIgniter.php(934): App\Controllers\Home->index()
#8 C:\xampp\htdocs\repo-ht\CodeIgniter\ci4-psiaprl\system\CodeIgniter.php(499): CodeIgniter\CodeIgniter->runController(Object(App\Controllers\Home))
#9 C:\xampp\htdocs\repo-ht\CodeIgniter\ci4-psiaprl\system\CodeIgniter.php(368): CodeIgniter\CodeIgniter->handleRequest(NULL, Object(Config\Cache), false)
#10 C:\xampp\htdocs\repo-ht\CodeIgniter\ci4-psiaprl\index.php(67): CodeIgniter\CodeIgniter->run()
#11 {main}

Next CodeIgniter\Database\Exceptions\DatabaseException: Unknown database 'test' in C:\xampp\htdocs\repo-ht\CodeIgniter\ci4-psiaprl\system\Database\MySQLi\Connection.php:218
Stack trace:
#0 C:\xampp\htdocs\repo-ht\CodeIgniter\ci4-psiaprl\system\Database\BaseConnection.php(391): CodeIgniter\Database\MySQLi\Connection->connect(false)
#1 C:\xampp\htdocs\repo-ht\CodeIgniter\ci4-psiaprl\system\Database\BaseConnection.php(574): CodeIgniter\Database\BaseConnection->initialize()
#2 C:\xampp\htdocs\repo-ht\CodeIgniter\ci4-psiaprl\system\Database\BaseBuilder.php(1616): CodeIgniter\Database\BaseConnection->query('SELECT *\nFROM `...', Array, false)
#3 C:\xampp\htdocs\repo-ht\CodeIgniter\ci4-psiaprl\system\Model.php(241): CodeIgniter\Database\BaseBuilder->get()
#4 C:\xampp\htdocs\repo-ht\CodeIgniter\ci4-psiaprl\system\BaseModel.php(618): CodeIgniter\Model->doFindAll(0, 0)
#5 C:\xampp\htdocs\repo-ht\CodeIgniter\ci4-psiaprl\app\Controllers\Home.php(12): CodeIgniter\BaseModel->findAll()
#6 C:\xampp\htdocs\repo-ht\CodeIgniter\ci4-psiaprl\system\CodeIgniter.php(934): App\Controllers\Home->index()
#7 C:\xampp\htdocs\repo-ht\CodeIgniter\ci4-psiaprl\system\CodeIgniter.php(499): CodeIgniter\CodeIgniter->runController(Object(App\Controllers\Home))
#8 C:\xampp\htdocs\repo-ht\CodeIgniter\ci4-psiaprl\system\CodeIgniter.php(368): CodeIgniter\CodeIgniter->handleRequest(NULL, Object(Config\Cache), false)
#9 C:\xampp\htdocs\repo-ht\CodeIgniter\ci4-psiaprl\index.php(67): CodeIgniter\CodeIgniter->run()
#10 {main}
CRITICAL - 2023-06-28 13:57:51 --> Unable to connect to the database.
Main connection [MySQLi]: Unknown database 'test'
in SYSTEMPATH\Database\BaseConnection.php on line 427.
 1 SYSTEMPATH\Database\BaseConnection.php(574): CodeIgniter\Database\BaseConnection->initialize()
 2 SYSTEMPATH\Database\BaseBuilder.php(1616): CodeIgniter\Database\BaseConnection->query('SELECT *
FROM `barang`', [], false)
 3 SYSTEMPATH\Model.php(241): CodeIgniter\Database\BaseBuilder->get()
 4 SYSTEMPATH\BaseModel.php(618): CodeIgniter\Model->doFindAll(0, 0)
 5 APPPATH\Controllers\Home.php(12): CodeIgniter\BaseModel->findAll()
 6 SYSTEMPATH\CodeIgniter.php(934): App\Controllers\Home->index()
 7 SYSTEMPATH\CodeIgniter.php(499): CodeIgniter\CodeIgniter->runController(Object(App\Controllers\Home))
 8 SYSTEMPATH\CodeIgniter.php(368): CodeIgniter\CodeIgniter->handleRequest(null, Object(Config\Cache), false)
 9 FCPATH\index.php(67): CodeIgniter\CodeIgniter->run()
ERROR - 2023-06-28 13:58:00 --> Error connecting to the database: mysqli_sql_exception: Unknown database 'test' in C:\xampp\htdocs\repo-ht\CodeIgniter\ci4-psiaprl\system\Database\MySQLi\Connection.php:174
Stack trace:
#0 C:\xampp\htdocs\repo-ht\CodeIgniter\ci4-psiaprl\system\Database\MySQLi\Connection.php(174): mysqli->real_connect('localhost', 'root', '', 'test', 3306, '', 0)
#1 C:\xampp\htdocs\repo-ht\CodeIgniter\ci4-psiaprl\system\Database\BaseConnection.php(391): CodeIgniter\Database\MySQLi\Connection->connect(false)
#2 C:\xampp\htdocs\repo-ht\CodeIgniter\ci4-psiaprl\system\Database\BaseConnection.php(574): CodeIgniter\Database\BaseConnection->initialize()
#3 C:\xampp\htdocs\repo-ht\CodeIgniter\ci4-psiaprl\system\Database\BaseBuilder.php(1616): CodeIgniter\Database\BaseConnection->query('SELECT *\nFROM `...', Array, false)
#4 C:\xampp\htdocs\repo-ht\CodeIgniter\ci4-psiaprl\system\Model.php(241): CodeIgniter\Database\BaseBuilder->get()
#5 C:\xampp\htdocs\repo-ht\CodeIgniter\ci4-psiaprl\system\BaseModel.php(618): CodeIgniter\Model->doFindAll(0, 0)
#6 C:\xampp\htdocs\repo-ht\CodeIgniter\ci4-psiaprl\app\Controllers\Home.php(12): CodeIgniter\BaseModel->findAll()
#7 C:\xampp\htdocs\repo-ht\CodeIgniter\ci4-psiaprl\system\CodeIgniter.php(934): App\Controllers\Home->index()
#8 C:\xampp\htdocs\repo-ht\CodeIgniter\ci4-psiaprl\system\CodeIgniter.php(499): CodeIgniter\CodeIgniter->runController(Object(App\Controllers\Home))
#9 C:\xampp\htdocs\repo-ht\CodeIgniter\ci4-psiaprl\system\CodeIgniter.php(368): CodeIgniter\CodeIgniter->handleRequest(NULL, Object(Config\Cache), false)
#10 C:\xampp\htdocs\repo-ht\CodeIgniter\ci4-psiaprl\index.php(67): CodeIgniter\CodeIgniter->run()
#11 {main}

Next CodeIgniter\Database\Exceptions\DatabaseException: Unknown database 'test' in C:\xampp\htdocs\repo-ht\CodeIgniter\ci4-psiaprl\system\Database\MySQLi\Connection.php:218
Stack trace:
#0 C:\xampp\htdocs\repo-ht\CodeIgniter\ci4-psiaprl\system\Database\BaseConnection.php(391): CodeIgniter\Database\MySQLi\Connection->connect(false)
#1 C:\xampp\htdocs\repo-ht\CodeIgniter\ci4-psiaprl\system\Database\BaseConnection.php(574): CodeIgniter\Database\BaseConnection->initialize()
#2 C:\xampp\htdocs\repo-ht\CodeIgniter\ci4-psiaprl\system\Database\BaseBuilder.php(1616): CodeIgniter\Database\BaseConnection->query('SELECT *\nFROM `...', Array, false)
#3 C:\xampp\htdocs\repo-ht\CodeIgniter\ci4-psiaprl\system\Model.php(241): CodeIgniter\Database\BaseBuilder->get()
#4 C:\xampp\htdocs\repo-ht\CodeIgniter\ci4-psiaprl\system\BaseModel.php(618): CodeIgniter\Model->doFindAll(0, 0)
#5 C:\xampp\htdocs\repo-ht\CodeIgniter\ci4-psiaprl\app\Controllers\Home.php(12): CodeIgniter\BaseModel->findAll()
#6 C:\xampp\htdocs\repo-ht\CodeIgniter\ci4-psiaprl\system\CodeIgniter.php(934): App\Controllers\Home->index()
#7 C:\xampp\htdocs\repo-ht\CodeIgniter\ci4-psiaprl\system\CodeIgniter.php(499): CodeIgniter\CodeIgniter->runController(Object(App\Controllers\Home))
#8 C:\xampp\htdocs\repo-ht\CodeIgniter\ci4-psiaprl\system\CodeIgniter.php(368): CodeIgniter\CodeIgniter->handleRequest(NULL, Object(Config\Cache), false)
#9 C:\xampp\htdocs\repo-ht\CodeIgniter\ci4-psiaprl\index.php(67): CodeIgniter\CodeIgniter->run()
#10 {main}
CRITICAL - 2023-06-28 13:58:00 --> Unable to connect to the database.
Main connection [MySQLi]: Unknown database 'test'
in SYSTEMPATH\Database\BaseConnection.php on line 427.
 1 SYSTEMPATH\Database\BaseConnection.php(574): CodeIgniter\Database\BaseConnection->initialize()
 2 SYSTEMPATH\Database\BaseBuilder.php(1616): CodeIgniter\Database\BaseConnection->query('SELECT *
FROM `barang`', [], false)
 3 SYSTEMPATH\Model.php(241): CodeIgniter\Database\BaseBuilder->get()
 4 SYSTEMPATH\BaseModel.php(618): CodeIgniter\Model->doFindAll(0, 0)
 5 APPPATH\Controllers\Home.php(12): CodeIgniter\BaseModel->findAll()
 6 SYSTEMPATH\CodeIgniter.php(934): App\Controllers\Home->index()
 7 SYSTEMPATH\CodeIgniter.php(499): CodeIgniter\CodeIgniter->runController(Object(App\Controllers\Home))
 8 SYSTEMPATH\CodeIgniter.php(368): CodeIgniter\CodeIgniter->handleRequest(null, Object(Config\Cache), false)
 9 FCPATH\index.php(67): CodeIgniter\CodeIgniter->run()
ERROR - 2023-06-28 13:58:50 --> mysqli_sql_exception: Table 'test.barang' doesn't exist in C:\xampp\htdocs\repo-ht\CodeIgniter\ci4-psiaprl\system\Database\MySQLi\Connection.php:295
Stack trace:
#0 C:\xampp\htdocs\repo-ht\CodeIgniter\ci4-psiaprl\system\Database\MySQLi\Connection.php(295): mysqli->query('SELECT *\nFROM `...', 0)
#1 C:\xampp\htdocs\repo-ht\CodeIgniter\ci4-psiaprl\system\Database\BaseConnection.php(692): CodeIgniter\Database\MySQLi\Connection->execute('SELECT *\nFROM `...')
#2 C:\xampp\htdocs\repo-ht\CodeIgniter\ci4-psiaprl\system\Database\BaseConnection.php(606): CodeIgniter\Database\BaseConnection->simpleQuery('SELECT *\nFROM `...')
#3 C:\xampp\htdocs\repo-ht\CodeIgniter\ci4-psiaprl\system\Database\BaseBuilder.php(1616): CodeIgniter\Database\BaseConnection->query('SELECT *\nFROM `...', Array, false)
#4 C:\xampp\htdocs\repo-ht\CodeIgniter\ci4-psiaprl\system\Model.php(241): CodeIgniter\Database\BaseBuilder->get()
#5 C:\xampp\htdocs\repo-ht\CodeIgniter\ci4-psiaprl\system\BaseModel.php(618): CodeIgniter\Model->doFindAll(0, 0)
#6 C:\xampp\htdocs\repo-ht\CodeIgniter\ci4-psiaprl\app\Controllers\Home.php(12): CodeIgniter\BaseModel->findAll()
#7 C:\xampp\htdocs\repo-ht\CodeIgniter\ci4-psiaprl\system\CodeIgniter.php(934): App\Controllers\Home->index()
#8 C:\xampp\htdocs\repo-ht\CodeIgniter\ci4-psiaprl\system\CodeIgniter.php(499): CodeIgniter\CodeIgniter->runController(Object(App\Controllers\Home))
#9 C:\xampp\htdocs\repo-ht\CodeIgniter\ci4-psiaprl\system\CodeIgniter.php(368): CodeIgniter\CodeIgniter->handleRequest(NULL, Object(Config\Cache), false)
#10 C:\xampp\htdocs\repo-ht\CodeIgniter\ci4-psiaprl\index.php(67): CodeIgniter\CodeIgniter->run()
#11 {main}
CRITICAL - 2023-06-28 13:58:50 --> Table 'test.barang' doesn't exist
in SYSTEMPATH\Database\MySQLi\Connection.php on line 295.
 1 SYSTEMPATH\Database\MySQLi\Connection.php(295): mysqli->query('SELECT *
FROM `barang`', 0)
 2 SYSTEMPATH\Database\BaseConnection.php(692): CodeIgniter\Database\MySQLi\Connection->execute('SELECT *
FROM `barang`')
 3 SYSTEMPATH\Database\BaseConnection.php(606): CodeIgniter\Database\BaseConnection->simpleQuery('SELECT *
FROM `barang`')
 4 SYSTEMPATH\Database\BaseBuilder.php(1616): CodeIgniter\Database\BaseConnection->query('SELECT *
FROM `barang`', [], false)
 5 SYSTEMPATH\Model.php(241): CodeIgniter\Database\BaseBuilder->get()
 6 SYSTEMPATH\BaseModel.php(618): CodeIgniter\Model->doFindAll(0, 0)
 7 APPPATH\Controllers\Home.php(12): CodeIgniter\BaseModel->findAll()
 8 SYSTEMPATH\CodeIgniter.php(934): App\Controllers\Home->index()
 9 SYSTEMPATH\CodeIgniter.php(499): CodeIgniter\CodeIgniter->runController(Object(App\Controllers\Home))
10 SYSTEMPATH\CodeIgniter.php(368): CodeIgniter\CodeIgniter->handleRequest(null, Object(Config\Cache), false)
11 FCPATH\index.php(67): CodeIgniter\CodeIgniter->run()
INFO - 2023-06-28 23:21:31 --> Session: Class initialized using 'CodeIgniter\Session\Handlers\FileHandler' driver.
INFO - 2023-06-28 23:21:35 --> Session: Class initialized using 'CodeIgniter\Session\Handlers\FileHandler' driver.
INFO - 2023-06-28 23:28:15 --> Session: Class initialized using 'CodeIgniter\Session\Handlers\FileHandler' driver.
INFO - 2023-06-28 23:28:21 --> Session: Class initialized using 'CodeIgniter\Session\Handlers\FileHandler' driver.
INFO - 2023-06-28 23:39:13 --> Session: Class initialized using 'CodeIgniter\Session\Handlers\FileHandler' driver.
ERROR - 2023-06-28 23:39:24 --> mysqli_sql_exception: Table 'test.user' doesn't exist in C:\xampp\htdocs\repo-ht\CodeIgniter\ci4-psiaprl\system\Database\MySQLi\Connection.php:295
Stack trace:
#0 C:\xampp\htdocs\repo-ht\CodeIgniter\ci4-psiaprl\system\Database\MySQLi\Connection.php(295): mysqli->query('SELECT *\nFROM `...', 0)
#1 C:\xampp\htdocs\repo-ht\CodeIgniter\ci4-psiaprl\system\Database\BaseConnection.php(692): CodeIgniter\Database\MySQLi\Connection->execute('SELECT *\nFROM `...')
#2 C:\xampp\htdocs\repo-ht\CodeIgniter\ci4-psiaprl\system\Database\BaseConnection.php(606): CodeIgniter\Database\BaseConnection->simpleQuery('SELECT *\nFROM `...')
#3 C:\xampp\htdocs\repo-ht\CodeIgniter\ci4-psiaprl\system\Database\BaseBuilder.php(1616): CodeIgniter\Database\BaseConnection->query('SELECT *\nFROM `...', Array, false)
#4 C:\xampp\htdocs\repo-ht\CodeIgniter\ci4-psiaprl\system\Model.php(268): CodeIgniter\Database\BaseBuilder->get()
#5 C:\xampp\htdocs\repo-ht\CodeIgniter\ci4-psiaprl\system\BaseModel.php(656): CodeIgniter\Model->doFirst()
#6 C:\xampp\htdocs\repo-ht\CodeIgniter\ci4-psiaprl\app\Controllers\AuthController.php(23): CodeIgniter\BaseModel->first()
#7 C:\xampp\htdocs\repo-ht\CodeIgniter\ci4-psiaprl\system\CodeIgniter.php(934): App\Controllers\AuthController->login()
#8 C:\xampp\htdocs\repo-ht\CodeIgniter\ci4-psiaprl\system\CodeIgniter.php(499): CodeIgniter\CodeIgniter->runController(Object(App\Controllers\AuthController))
#9 C:\xampp\htdocs\repo-ht\CodeIgniter\ci4-psiaprl\system\CodeIgniter.php(368): CodeIgniter\CodeIgniter->handleRequest(NULL, Object(Config\Cache), false)
#10 C:\xampp\htdocs\repo-ht\CodeIgniter\ci4-psiaprl\index.php(67): CodeIgniter\CodeIgniter->run()
#11 {main}
CRITICAL - 2023-06-28 23:39:24 --> Table 'test.user' doesn't exist
in SYSTEMPATH\Database\MySQLi\Connection.php on line 295.
 1 SYSTEMPATH\Database\MySQLi\Connection.php(295): mysqli->query('SELECT *
FROM `user`
WHERE `username` = \'isnanramalia\'
 LIMIT 1', 0)
 2 SYSTEMPATH\Database\BaseConnection.php(692): CodeIgniter\Database\MySQLi\Connection->execute('SELECT *
FROM `user`
WHERE `username` = \'isnanramalia\'
 LIMIT 1')
 3 SYSTEMPATH\Database\BaseConnection.php(606): CodeIgniter\Database\BaseConnection->simpleQuery('SELECT *
FROM `user`
WHERE `username` = \'isnanramalia\'
 LIMIT 1')
 4 SYSTEMPATH\Database\BaseBuilder.php(1616): CodeIgniter\Database\BaseConnection->query('SELECT *
FROM `user`
WHERE `username` = :username:
 LIMIT 1', [...], false)
 5 SYSTEMPATH\Model.php(268): CodeIgniter\Database\BaseBuilder->get()
 6 SYSTEMPATH\BaseModel.php(656): CodeIgniter\Model->doFirst()
 7 APPPATH\Controllers\AuthController.php(23): CodeIgniter\BaseModel->first()
 8 SYSTEMPATH\CodeIgniter.php(934): App\Controllers\AuthController->login()
 9 SYSTEMPATH\CodeIgniter.php(499): CodeIgniter\CodeIgniter->runController(Object(App\Controllers\AuthController))
10 SYSTEMPATH\CodeIgniter.php(368): CodeIgniter\CodeIgniter->handleRequest(null, Object(Config\Cache), false)
11 FCPATH\index.php(67): CodeIgniter\CodeIgniter->run()
INFO - 2023-06-28 23:41:40 --> Session: Class initialized using 'CodeIgniter\Session\Handlers\FileHandler' driver.
INFO - 2023-06-28 23:44:09 --> Session: Class initialized using 'CodeIgniter\Session\Handlers\FileHandler' driver.
INFO - 2023-06-28 23:44:19 --> Session: Class initialized using 'CodeIgniter\Session\Handlers\FileHandler' driver.
INFO - 2023-06-28 23:44:19 --> Session: Class initialized using 'CodeIgniter\Session\Handlers\FileHandler' driver.
INFO - 2023-06-28 23:46:26 --> Session: Class initialized using 'CodeIgniter\Session\Handlers\FileHandler' driver.
INFO - 2023-06-28 23:46:32 --> Session: Class initialized using 'CodeIgniter\Session\Handlers\FileHandler' driver.
INFO - 2023-06-28 23:46:32 --> Session: Class initialized using 'CodeIgniter\Session\Handlers\FileHandler' driver.
INFO - 2023-06-28 23:46:41 --> Session: Class initialized using 'CodeIgniter\Session\Handlers\FileHandler' driver.
INFO - 2023-06-28 23:46:41 --> Session: Class initialized using 'CodeIgniter\Session\Handlers\FileHandler' driver.
INFO - 2023-06-28 23:49:47 --> Session: Class initialized using 'CodeIgniter\Session\Handlers\FileHandler' driver.
INFO - 2023-06-28 23:49:53 --> Session: Class initialized using 'CodeIgniter\Session\Handlers\FileHandler' driver.
INFO - 2023-06-28 23:49:53 --> Session: Class initialized using 'CodeIgniter\Session\Handlers\FileHandler' driver.
INFO - 2023-06-28 23:49:56 --> Session: Class initialized using 'CodeIgniter\Session\Handlers\FileHandler' driver.
INFO - 2023-06-28 23:50:12 --> Session: Class initialized using 'CodeIgniter\Session\Handlers\FileHandler' driver.
INFO - 2023-06-28 23:50:12 --> Session: Class initialized using 'CodeIgniter\Session\Handlers\FileHandler' driver.
INFO - 2023-06-28 23:50:37 --> Session: Class initialized using 'CodeIgniter\Session\Handlers\FileHandler' driver.
INFO - 2023-06-28 23:50:46 --> Session: Class initialized using 'CodeIgniter\Session\Handlers\FileHandler' driver.
INFO - 2023-06-28 23:50:47 --> Session: Class initialized using 'CodeIgniter\Session\Handlers\FileHandler' driver.
INFO - 2023-06-28 23:59:08 --> Session: Class initialized using 'CodeIgniter\Session\Handlers\FileHandler' driver.
INFO - 2023-06-28 23:59:51 --> Session: Class initialized using 'CodeIgniter\Session\Handlers\FileHandler' driver.
