CRITICAL - 2023-06-11 03:17:54 --> Call to undefined method CodeIgniter\View\View::extends()
in APPPATH\Views\pages\about.php on line 1.
 1 SYSTEMPATH\View\View.php(213): include()
 2 SYSTEMPATH\View\View.php(216): CodeIgniter\View\View->CodeIgniter\View\{closure}()
 3 SYSTEMPATH\Common.php(1184): CodeIgniter\View\View->render('pages/about', [], true)
 4 APPPATH\Controllers\Pages.php(29): view('pages/about', [...])
 5 SYSTEMPATH\CodeIgniter.php(934): App\Controllers\Pages->about()
 6 SYSTEMPATH\CodeIgniter.php(499): CodeIgniter\CodeIgniter->runController(Object(App\Controllers\Pages))
 7 SYSTEMPATH\CodeIgniter.php(368): CodeIgniter\CodeIgniter->handleRequest(null, Object(Config\Cache), false)
 8 FCPATH\index.php(67): CodeIgniter\CodeIgniter->run()
 9 SYSTEMPATH\Commands\Server\rewrite.php(47): require_once('C:\\xampp\\htdocs\\repo-ht\\CodeIgniter\\ci4app-unpas\\public\\index.php')
CRITICAL - 2023-06-11 03:18:44 --> Call to undefined method CodeIgniter\View\View::extends()
in APPPATH\Views\pages\home.php on line 1.
 1 SYSTEMPATH\View\View.php(213): include()
 2 SYSTEMPATH\View\View.php(216): CodeIgniter\View\View->CodeIgniter\View\{closure}()
 3 SYSTEMPATH\Common.php(1184): CodeIgniter\View\View->render('pages/home', [], true)
 4 APPPATH\Controllers\Pages.php(14): view('pages/home', [...])
 5 SYSTEMPATH\CodeIgniter.php(934): App\Controllers\Pages->index()
 6 SYSTEMPATH\CodeIgniter.php(499): CodeIgniter\CodeIgniter->runController(Object(App\Controllers\Pages))
 7 SYSTEMPATH\CodeIgniter.php(368): CodeIgniter\CodeIgniter->handleRequest(null, Object(Config\Cache), false)
 8 FCPATH\index.php(67): CodeIgniter\CodeIgniter->run()
 9 SYSTEMPATH\Commands\Server\rewrite.php(47): require_once('C:\\xampp\\htdocs\\repo-ht\\CodeIgniter\\ci4app-unpas\\public\\index.php')
CRITICAL - 2023-06-11 03:22:07 --> Call to undefined method CodeIgniter\View\View::extends()
in APPPATH\Views\pages\about.php on line 1.
 1 SYSTEMPATH\View\View.php(213): include()
 2 SYSTEMPATH\View\View.php(216): CodeIgniter\View\View->CodeIgniter\View\{closure}()
 3 SYSTEMPATH\Common.php(1184): CodeIgniter\View\View->render('pages/about', [], true)
 4 APPPATH\Controllers\Pages.php(29): view('pages/about', [...])
 5 SYSTEMPATH\CodeIgniter.php(934): App\Controllers\Pages->about()
 6 SYSTEMPATH\CodeIgniter.php(499): CodeIgniter\CodeIgniter->runController(Object(App\Controllers\Pages))
 7 SYSTEMPATH\CodeIgniter.php(368): CodeIgniter\CodeIgniter->handleRequest(null, Object(Config\Cache), false)
 8 FCPATH\index.php(67): CodeIgniter\CodeIgniter->run()
 9 SYSTEMPATH\Commands\Server\rewrite.php(47): require_once('C:\\xampp\\htdocs\\repo-ht\\CodeIgniter\\ci4app-unpas\\public\\index.php')
CRITICAL - 2023-06-11 03:22:40 --> Cannot access offset of type string on string
in APPPATH\Views\pages\contact.php on line 10.
 1 SYSTEMPATH\View\View.php(213): include()
 2 SYSTEMPATH\View\View.php(216): CodeIgniter\View\View->CodeIgniter\View\{closure}()
 3 SYSTEMPATH\Common.php(1184): CodeIgniter\View\View->render('pages/contact', [], true)
 4 APPPATH\Controllers\Pages.php(50): view('pages/contact', [...])
 5 SYSTEMPATH\CodeIgniter.php(934): App\Controllers\Pages->contact()
 6 SYSTEMPATH\CodeIgniter.php(499): CodeIgniter\CodeIgniter->runController(Object(App\Controllers\Pages))
 7 SYSTEMPATH\CodeIgniter.php(368): CodeIgniter\CodeIgniter->handleRequest(null, Object(Config\Cache), false)
 8 FCPATH\index.php(67): CodeIgniter\CodeIgniter->run()
 9 SYSTEMPATH\Commands\Server\rewrite.php(47): require_once('C:\\xampp\\htdocs\\repo-ht\\CodeIgniter\\ci4app-unpas\\public\\index.php')
CRITICAL - 2023-06-11 03:23:06 --> Cannot access offset of type string on string
in APPPATH\Views\pages\contact.php on line 10.
 1 SYSTEMPATH\View\View.php(213): include()
 2 SYSTEMPATH\View\View.php(216): CodeIgniter\View\View->CodeIgniter\View\{closure}()
 3 SYSTEMPATH\Common.php(1184): CodeIgniter\View\View->render('pages/contact', [], true)
 4 APPPATH\Controllers\Pages.php(50): view('pages/contact', [...])
 5 SYSTEMPATH\CodeIgniter.php(934): App\Controllers\Pages->contact()
 6 SYSTEMPATH\CodeIgniter.php(499): CodeIgniter\CodeIgniter->runController(Object(App\Controllers\Pages))
 7 SYSTEMPATH\CodeIgniter.php(368): CodeIgniter\CodeIgniter->handleRequest(null, Object(Config\Cache), false)
 8 FCPATH\index.php(67): CodeIgniter\CodeIgniter->run()
 9 SYSTEMPATH\Commands\Server\rewrite.php(47): require_once('C:\\xampp\\htdocs\\repo-ht\\CodeIgniter\\ci4app-unpas\\public\\index.php')
CRITICAL - 2023-06-11 03:23:26 --> Cannot access offset of type string on string
in APPPATH\Views\pages\contact.php on line 10.
 1 SYSTEMPATH\View\View.php(213): include()
 2 SYSTEMPATH\View\View.php(216): CodeIgniter\View\View->CodeIgniter\View\{closure}()
 3 SYSTEMPATH\Common.php(1184): CodeIgniter\View\View->render('pages/contact', [], true)
 4 APPPATH\Controllers\Pages.php(50): view('pages/contact', [...])
 5 SYSTEMPATH\CodeIgniter.php(934): App\Controllers\Pages->contact()
 6 SYSTEMPATH\CodeIgniter.php(499): CodeIgniter\CodeIgniter->runController(Object(App\Controllers\Pages))
 7 SYSTEMPATH\CodeIgniter.php(368): CodeIgniter\CodeIgniter->handleRequest(null, Object(Config\Cache), false)
 8 FCPATH\index.php(67): CodeIgniter\CodeIgniter->run()
 9 SYSTEMPATH\Commands\Server\rewrite.php(47): require_once('C:\\xampp\\htdocs\\repo-ht\\CodeIgniter\\ci4app-unpas\\public\\index.php')
CRITICAL - 2023-06-11 03:26:05 --> Cannot access offset of type string on string
in APPPATH\Views\pages\contact.php on line 10.
 1 SYSTEMPATH\View\View.php(213): include()
 2 SYSTEMPATH\View\View.php(216): CodeIgniter\View\View->CodeIgniter\View\{closure}()
 3 SYSTEMPATH\Common.php(1184): CodeIgniter\View\View->render('pages/contact', [], true)
 4 APPPATH\Controllers\Pages.php(50): view('pages/contact', [...])
 5 SYSTEMPATH\CodeIgniter.php(934): App\Controllers\Pages->contact()
 6 SYSTEMPATH\CodeIgniter.php(499): CodeIgniter\CodeIgniter->runController(Object(App\Controllers\Pages))
 7 SYSTEMPATH\CodeIgniter.php(368): CodeIgniter\CodeIgniter->handleRequest(null, Object(Config\Cache), false)
 8 FCPATH\index.php(67): CodeIgniter\CodeIgniter->run()
 9 SYSTEMPATH\Commands\Server\rewrite.php(47): require_once('C:\\xampp\\htdocs\\repo-ht\\CodeIgniter\\ci4app-unpas\\public\\index.php')
CRITICAL - 2023-06-11 03:26:09 --> Cannot access offset of type string on string
in APPPATH\Views\pages\contact.php on line 10.
 1 SYSTEMPATH\View\View.php(213): include()
 2 SYSTEMPATH\View\View.php(216): CodeIgniter\View\View->CodeIgniter\View\{closure}()
 3 SYSTEMPATH\Common.php(1184): CodeIgniter\View\View->render('pages/contact', [], true)
 4 APPPATH\Controllers\Pages.php(50): view('pages/contact', [...])
 5 SYSTEMPATH\CodeIgniter.php(934): App\Controllers\Pages->contact()
 6 SYSTEMPATH\CodeIgniter.php(499): CodeIgniter\CodeIgniter->runController(Object(App\Controllers\Pages))
 7 SYSTEMPATH\CodeIgniter.php(368): CodeIgniter\CodeIgniter->handleRequest(null, Object(Config\Cache), false)
 8 FCPATH\index.php(67): CodeIgniter\CodeIgniter->run()
 9 SYSTEMPATH\Commands\Server\rewrite.php(47): require_once('C:\\xampp\\htdocs\\repo-ht\\CodeIgniter\\ci4app-unpas\\public\\index.php')
CRITICAL - 2023-06-11 03:26:43 --> Cannot access offset of type string on string
in APPPATH\Views\pages\contact.php on line 10.
 1 SYSTEMPATH\View\View.php(213): include()
 2 SYSTEMPATH\View\View.php(216): CodeIgniter\View\View->CodeIgniter\View\{closure}()
 3 SYSTEMPATH\Common.php(1184): CodeIgniter\View\View->render('pages/contact', [], true)
 4 APPPATH\Controllers\Pages.php(50): view('pages/contact', [...])
 5 SYSTEMPATH\CodeIgniter.php(934): App\Controllers\Pages->contact()
 6 SYSTEMPATH\CodeIgniter.php(499): CodeIgniter\CodeIgniter->runController(Object(App\Controllers\Pages))
 7 SYSTEMPATH\CodeIgniter.php(368): CodeIgniter\CodeIgniter->handleRequest(null, Object(Config\Cache), false)
 8 FCPATH\index.php(67): CodeIgniter\CodeIgniter->run()
 9 SYSTEMPATH\Commands\Server\rewrite.php(47): require_once('C:\\xampp\\htdocs\\repo-ht\\CodeIgniter\\ci4app-unpas\\public\\index.php')
CRITICAL - 2023-06-11 03:27:06 --> Cannot access offset of type string on string
in APPPATH\Views\pages\contact.php on line 10.
 1 SYSTEMPATH\View\View.php(213): include()
 2 SYSTEMPATH\View\View.php(216): CodeIgniter\View\View->CodeIgniter\View\{closure}()
 3 SYSTEMPATH\Common.php(1184): CodeIgniter\View\View->render('pages/contact', [], true)
 4 APPPATH\Controllers\Pages.php(50): view('pages/contact', [...])
 5 SYSTEMPATH\CodeIgniter.php(934): App\Controllers\Pages->contact()
 6 SYSTEMPATH\CodeIgniter.php(499): CodeIgniter\CodeIgniter->runController(Object(App\Controllers\Pages))
 7 SYSTEMPATH\CodeIgniter.php(368): CodeIgniter\CodeIgniter->handleRequest(null, Object(Config\Cache), false)
 8 FCPATH\index.php(67): CodeIgniter\CodeIgniter->run()
 9 SYSTEMPATH\Commands\Server\rewrite.php(47): require_once('C:\\xampp\\htdocs\\repo-ht\\CodeIgniter\\ci4app-unpas\\public\\index.php')
CRITICAL - 2023-06-11 03:31:17 --> Cannot access offset of type string on string
in APPPATH\Views\pages\contact.php on line 10.
 1 SYSTEMPATH\View\View.php(213): include()
 2 SYSTEMPATH\View\View.php(216): CodeIgniter\View\View->CodeIgniter\View\{closure}()
 3 SYSTEMPATH\Common.php(1184): CodeIgniter\View\View->render('pages/contact', [], true)
 4 APPPATH\Controllers\Pages.php(50): view('pages/contact', [...])
 5 SYSTEMPATH\CodeIgniter.php(934): App\Controllers\Pages->contact()
 6 SYSTEMPATH\CodeIgniter.php(499): CodeIgniter\CodeIgniter->runController(Object(App\Controllers\Pages))
 7 SYSTEMPATH\CodeIgniter.php(368): CodeIgniter\CodeIgniter->handleRequest(null, Object(Config\Cache), false)
 8 FCPATH\index.php(67): CodeIgniter\CodeIgniter->run()
 9 SYSTEMPATH\Commands\Server\rewrite.php(47): require_once('C:\\xampp\\htdocs\\repo-ht\\CodeIgniter\\ci4app-unpas\\public\\index.php')
CRITICAL - 2023-06-11 03:31:45 --> Cannot access offset of type string on string
in APPPATH\Views\pages\contact.php on line 10.
 1 SYSTEMPATH\View\View.php(213): include()
 2 SYSTEMPATH\View\View.php(216): CodeIgniter\View\View->CodeIgniter\View\{closure}()
 3 SYSTEMPATH\Common.php(1184): CodeIgniter\View\View->render('pages/contact', [], true)
 4 APPPATH\Controllers\Pages.php(50): view('pages/contact', [...])
 5 SYSTEMPATH\CodeIgniter.php(934): App\Controllers\Pages->contact()
 6 SYSTEMPATH\CodeIgniter.php(499): CodeIgniter\CodeIgniter->runController(Object(App\Controllers\Pages))
 7 SYSTEMPATH\CodeIgniter.php(368): CodeIgniter\CodeIgniter->handleRequest(null, Object(Config\Cache), false)
 8 FCPATH\index.php(67): CodeIgniter\CodeIgniter->run()
 9 SYSTEMPATH\Commands\Server\rewrite.php(47): require_once('C:\\xampp\\htdocs\\repo-ht\\CodeIgniter\\ci4app-unpas\\public\\index.php')
CRITICAL - 2023-06-11 03:32:21 --> Cannot access offset of type string on string
in APPPATH\Views\pages\contact.php on line 10.
 1 SYSTEMPATH\View\View.php(213): include()
 2 SYSTEMPATH\View\View.php(216): CodeIgniter\View\View->CodeIgniter\View\{closure}()
 3 SYSTEMPATH\Common.php(1184): CodeIgniter\View\View->render('pages/contact', [], true)
 4 APPPATH\Controllers\Pages.php(46): view('pages/contact', [...])
 5 SYSTEMPATH\CodeIgniter.php(934): App\Controllers\Pages->contact()
 6 SYSTEMPATH\CodeIgniter.php(499): CodeIgniter\CodeIgniter->runController(Object(App\Controllers\Pages))
 7 SYSTEMPATH\CodeIgniter.php(368): CodeIgniter\CodeIgniter->handleRequest(null, Object(Config\Cache), false)
 8 FCPATH\index.php(67): CodeIgniter\CodeIgniter->run()
 9 SYSTEMPATH\Commands\Server\rewrite.php(47): require_once('C:\\xampp\\htdocs\\repo-ht\\CodeIgniter\\ci4app-unpas\\public\\index.php')
CRITICAL - 2023-06-11 03:32:22 --> Cannot access offset of type string on string
in APPPATH\Views\pages\contact.php on line 10.
 1 SYSTEMPATH\View\View.php(213): include()
 2 SYSTEMPATH\View\View.php(216): CodeIgniter\View\View->CodeIgniter\View\{closure}()
 3 SYSTEMPATH\Common.php(1184): CodeIgniter\View\View->render('pages/contact', [], true)
 4 APPPATH\Controllers\Pages.php(46): view('pages/contact', [...])
 5 SYSTEMPATH\CodeIgniter.php(934): App\Controllers\Pages->contact()
 6 SYSTEMPATH\CodeIgniter.php(499): CodeIgniter\CodeIgniter->runController(Object(App\Controllers\Pages))
 7 SYSTEMPATH\CodeIgniter.php(368): CodeIgniter\CodeIgniter->handleRequest(null, Object(Config\Cache), false)
 8 FCPATH\index.php(67): CodeIgniter\CodeIgniter->run()
 9 SYSTEMPATH\Commands\Server\rewrite.php(47): require_once('C:\\xampp\\htdocs\\repo-ht\\CodeIgniter\\ci4app-unpas\\public\\index.php')
CRITICAL - 2023-06-11 03:32:23 --> Cannot access offset of type string on string
in APPPATH\Views\pages\contact.php on line 10.
 1 SYSTEMPATH\View\View.php(213): include()
 2 SYSTEMPATH\View\View.php(216): CodeIgniter\View\View->CodeIgniter\View\{closure}()
 3 SYSTEMPATH\Common.php(1184): CodeIgniter\View\View->render('pages/contact', [], true)
 4 APPPATH\Controllers\Pages.php(46): view('pages/contact', [...])
 5 SYSTEMPATH\CodeIgniter.php(934): App\Controllers\Pages->contact()
 6 SYSTEMPATH\CodeIgniter.php(499): CodeIgniter\CodeIgniter->runController(Object(App\Controllers\Pages))
 7 SYSTEMPATH\CodeIgniter.php(368): CodeIgniter\CodeIgniter->handleRequest(null, Object(Config\Cache), false)
 8 FCPATH\index.php(67): CodeIgniter\CodeIgniter->run()
 9 SYSTEMPATH\Commands\Server\rewrite.php(47): require_once('C:\\xampp\\htdocs\\repo-ht\\CodeIgniter\\ci4app-unpas\\public\\index.php')
CRITICAL - 2023-06-11 03:32:23 --> Cannot access offset of type string on string
in APPPATH\Views\pages\contact.php on line 10.
 1 SYSTEMPATH\View\View.php(213): include()
 2 SYSTEMPATH\View\View.php(216): CodeIgniter\View\View->CodeIgniter\View\{closure}()
 3 SYSTEMPATH\Common.php(1184): CodeIgniter\View\View->render('pages/contact', [], true)
 4 APPPATH\Controllers\Pages.php(46): view('pages/contact', [...])
 5 SYSTEMPATH\CodeIgniter.php(934): App\Controllers\Pages->contact()
 6 SYSTEMPATH\CodeIgniter.php(499): CodeIgniter\CodeIgniter->runController(Object(App\Controllers\Pages))
 7 SYSTEMPATH\CodeIgniter.php(368): CodeIgniter\CodeIgniter->handleRequest(null, Object(Config\Cache), false)
 8 FCPATH\index.php(67): CodeIgniter\CodeIgniter->run()
 9 SYSTEMPATH\Commands\Server\rewrite.php(47): require_once('C:\\xampp\\htdocs\\repo-ht\\CodeIgniter\\ci4app-unpas\\public\\index.php')
CRITICAL - 2023-06-11 03:32:24 --> Cannot access offset of type string on string
in APPPATH\Views\pages\contact.php on line 10.
 1 SYSTEMPATH\View\View.php(213): include()
 2 SYSTEMPATH\View\View.php(216): CodeIgniter\View\View->CodeIgniter\View\{closure}()
 3 SYSTEMPATH\Common.php(1184): CodeIgniter\View\View->render('pages/contact', [], true)
 4 APPPATH\Controllers\Pages.php(46): view('pages/contact', [...])
 5 SYSTEMPATH\CodeIgniter.php(934): App\Controllers\Pages->contact()
 6 SYSTEMPATH\CodeIgniter.php(499): CodeIgniter\CodeIgniter->runController(Object(App\Controllers\Pages))
 7 SYSTEMPATH\CodeIgniter.php(368): CodeIgniter\CodeIgniter->handleRequest(null, Object(Config\Cache), false)
 8 FCPATH\index.php(67): CodeIgniter\CodeIgniter->run()
 9 SYSTEMPATH\Commands\Server\rewrite.php(47): require_once('C:\\xampp\\htdocs\\repo-ht\\CodeIgniter\\ci4app-unpas\\public\\index.php')
CRITICAL - 2023-06-11 03:32:24 --> Cannot access offset of type string on string
in APPPATH\Views\pages\contact.php on line 10.
 1 SYSTEMPATH\View\View.php(213): include()
 2 SYSTEMPATH\View\View.php(216): CodeIgniter\View\View->CodeIgniter\View\{closure}()
 3 SYSTEMPATH\Common.php(1184): CodeIgniter\View\View->render('pages/contact', [], true)
 4 APPPATH\Controllers\Pages.php(46): view('pages/contact', [...])
 5 SYSTEMPATH\CodeIgniter.php(934): App\Controllers\Pages->contact()
 6 SYSTEMPATH\CodeIgniter.php(499): CodeIgniter\CodeIgniter->runController(Object(App\Controllers\Pages))
 7 SYSTEMPATH\CodeIgniter.php(368): CodeIgniter\CodeIgniter->handleRequest(null, Object(Config\Cache), false)
 8 FCPATH\index.php(67): CodeIgniter\CodeIgniter->run()
 9 SYSTEMPATH\Commands\Server\rewrite.php(47): require_once('C:\\xampp\\htdocs\\repo-ht\\CodeIgniter\\ci4app-unpas\\public\\index.php')
